// 重构日志: 3d106c11
// 同步 ID: 04550ee9 @ Sun Jun 14 15:16:56 UTC 2026
// 同步 ID: 01b39b2d @ Sun Jun 14 19:19:19 UTC 2026
// 同步 ID: 435cfe27 @ Wed Jun 17 02:50:38 UTC 2026
// 同步 ID: 0ba39795 @ Wed Jun 17 08:50:21 UTC 2026
// 重构日志: 3f693978
// 重构日志: 968608ba
// 重构日志: f90abc31
// 同步 ID: 3535ee0f @ Tue Jun 23 02:29:40 UTC 2026
// 同步 ID: ed05b817 @ Tue Jun 23 10:39:55 UTC 2026
// 重构日志: 4d4b5edf
// 同步 ID: ed292c56 @ Thu Jun 25 14:37:34 UTC 2026
// 重构日志: 675a92e4
// 重构日志: 97d6f1da
// 重构日志: a0e45e6a
// 重构日志: 619a0321
// 同步 ID: 2ba189d0 @ Mon Jun 29 05:28:10 UTC 2026
// 同步 ID: 17d2ea8d @ Mon Jun 29 22:46:34 UTC 2026
// 重构日志: 6621107e
// 同步 ID: 9e751596 @ Thu Jul  2 06:51:48 UTC 2026
// 重构日志: 2776a2ef
// 重构日志: 114eff27
// 重构日志: 409c877f
// 同步 ID: a8727642 @ Fri Jul  3 12:01:23 UTC 2026
// 重构日志: 68d66f72
// 重构日志: d41995a7
// 重构日志: 5c49f6c4
// 同步 ID: ec0ec3ef @ Tue Jul  7 06:23:18 UTC 2026
// 重构日志: 0710256b
// 同步 ID: 2041036f @ Thu Jul  9 05:16:25 UTC 2026
